<?xml version="1.0" encoding="UTF-8"?>
<testng-results ignored="0" total="4" passed="4" failed="0" skipped="0">
  <reporter-output>
  </reporter-output>
  <suite started-at="2024-10-16T21:55:33 IST" name="Suite" finished-at="2024-10-16T21:55:33 IST" duration-ms="122">
    <groups>
    </groups>
    <test started-at="2024-10-16T21:55:33 IST" name="Test" finished-at="2024-10-16T21:55:33 IST" duration-ms="122">
      <class name="test.TestCases">
        <test-method signature="test1()[pri:0, instance:test.TestCases@483f6d77]" started-at="2024-10-16T21:55:33 IST" name="test1" finished-at="2024-10-16T21:55:33 IST" duration-ms="24" status="PASS">
          <reporter-output>
          </reporter-output>
        </test-method> <!-- test1 -->
        <test-method signature="test2()[pri:0, instance:test.TestCases@483f6d77]" started-at="2024-10-16T21:55:33 IST" name="test2" finished-at="2024-10-16T21:55:33 IST" duration-ms="3" status="PASS">
          <reporter-output>
          </reporter-output>
        </test-method> <!-- test2 -->
        <test-method signature="test3()[pri:0, instance:test.TestCases@483f6d77]" started-at="2024-10-16T21:55:33 IST" name="test3" finished-at="2024-10-16T21:55:33 IST" duration-ms="3" status="PASS">
          <reporter-output>
          </reporter-output>
        </test-method> <!-- test3 -->
        <test-method signature="test4()[pri:0, instance:test.TestCases@483f6d77]" started-at="2024-10-16T21:55:33 IST" name="test4" finished-at="2024-10-16T21:55:33 IST" duration-ms="1" status="PASS">
          <reporter-output>
          </reporter-output>
        </test-method> <!-- test4 -->
      </class> <!-- test.TestCases -->
    </test> <!-- Test -->
  </suite> <!-- Suite -->
</testng-results>
