<?xml version="1.0" encoding="UTF-8"?>
<!-- Generated by org.testng.reporters.JUnitXMLReporter -->
<testsuite ignored="0" hostname="DESKTOP-FAK7R2E" failures="0" tests="4" name="Default test" time="0.172" errors="0" timestamp="2024-10-16T21:55:21 IST">
  <testcase classname="test.TestCases" name="test1" time="0.043"/>
  <testcase classname="test.TestCases" name="test2" time="0.004"/>
  <testcase classname="test.TestCases" name="test3" time="0.002"/>
  <testcase classname="test.TestCases" name="test4" time="0.005"/>
</testsuite> <!-- Default test -->
