<?xml version="1.0" encoding="UTF-8"?>
<!-- Generated by org.testng.reporters.JUnitXMLReporter -->
<testsuite ignored="0" hostname="DESKTOP-FAK7R2E" failures="0" tests="4" name="Default test" time="0.054" errors="0" timestamp="2024-10-16T18:50:14 IST">
  <testcase classname="TestCases" name="test1" time="0.012"/>
  <testcase classname="TestCases" name="test2" time="0.002"/>
  <testcase classname="TestCases" name="test3" time="0.001"/>
  <testcase classname="TestCases" name="test4" time="0.001"/>
</testsuite> <!-- Default test -->
