<?xml version="1.0" encoding="UTF-8"?>
<!-- Generated by org.testng.reporters.JUnitXMLReporter -->
<testsuite ignored="0" hostname="DESKTOP-FAK7R2E" failures="0" tests="4" name="Test" time="0.122" errors="0" timestamp="2024-10-16T21:55:33 IST">
  <testcase classname="test.TestCases" name="test1" time="0.024"/>
  <testcase classname="test.TestCases" name="test2" time="0.003"/>
  <testcase classname="test.TestCases" name="test3" time="0.003"/>
  <testcase classname="test.TestCases" name="test4" time="0.001"/>
</testsuite> <!-- Test -->
